Flow report for Project2
Mon Oct 30 22:40:27 2017
Quartus II 32-bit Version 13.0.1 Build 232 06/12/2013 Service Pack 1 SJ Web Edition


---------------------
; Table of Contents ;
---------------------
  1. Legal Notice
  2. Flow Summary
  3. Flow Settings
  4. Flow Non-Default Global Settings
  5. Flow Elapsed Time
  6. Flow OS Summary
  7. Flow Log
  8. Flow Messages
  9. Flow Suppressed Messages



----------------
; Legal Notice ;
----------------
Copyright (C) 1991-2013 Altera Corporation
Your use of Altera Corporation's design tools, logic functions 
and other software and tools, and its AMPP partner logic 
functions, and any output files from any of the foregoing 
(including device programming or simulation files), and any 
associated documentation or information are expressly subject 
to the terms and conditions of the Altera Program License 
Subscription Agreement, Altera MegaCore Function License 
Agreement, or other applicable license agreement, including, 
without limitation, that your use is for the sole purpose of 
programming logic devices manufactured by Altera and sold by 
Altera or its authorized distributors.  Please refer to the 
applicable agreement for further details.



+---------------------------------------------------------------------------------------+
; Flow Summary                                                                          ;
+-------------------------------------+-------------------------------------------------+
; Flow Status                         ; Successful - Mon Oct 30 22:40:06 2017           ;
; Quartus II 32-bit Version           ; 13.0.1 Build 232 06/12/2013 SP 1 SJ Web Edition ;
; Revision Name                       ; Project2                                        ;
; Top-level Entity Name               ; Project2                                        ;
; Family                              ; Cyclone V                                       ;
; Device                              ; 5CEBA4F23C7                                     ;
; Timing Models                       ; Final                                           ;
; Logic utilization (in ALMs)         ; 1 / 18,480 ( < 1 % )                            ;
; Total registers                     ; 0                                               ;
; Total pins                          ; 54 / 224 ( 24 % )                               ;
; Total virtual pins                  ; 0                                               ;
; Total block memory bits             ; 0 / 3,153,920 ( 0 % )                           ;
; Total DSP Blocks                    ; 0 / 66 ( 0 % )                                  ;
; Total HSSI RX PCSs                  ; 0                                               ;
; Total HSSI PMA RX Deserializers     ; 0                                               ;
; Total HSSI PMA RX ATT Deserializers ; 0                                               ;
; Total HSSI TX PCSs                  ; 0                                               ;
; Total HSSI PMA TX Serializers       ; 0                                               ;
; Total HSSI PMA TX ATT Serializers   ; 0                                               ;
; Total PLLs                          ; 0 / 4 ( 0 % )                                   ;
; Total DLLs                          ; 0 / 4 ( 0 % )                                   ;
+-------------------------------------+-------------------------------------------------+


+-----------------------------------------+
; Flow Settings                           ;
+-------------------+---------------------+
; Option            ; Setting             ;
+-------------------+---------------------+
; Start date & time ; 10/30/2017 22:38:18 ;
; Main task         ; Compilation         ;
; Revision Name     ; Project2            ;
+-------------------+---------------------+


+--------------------------------------------------------------------------------------------------------------------------------------+
; Flow Non-Default Global Settings                                                                                                     ;
+---------------------------------------------------+---------------------------------------+---------------+-------------+------------+
; Assignment Name                                   ; Value                                 ; Default Value ; Entity Name ; Section Id ;
+---------------------------------------------------+---------------------------------------+---------------+-------------+------------+
; COMPILER_SIGNATURE_ID                             ; 0.150941749806978                     ; --            ; --          ; --         ;
; FITTER_EFFORT                                     ; Standard Fit                          ; Auto Fit      ; --          ; --         ;
; IP_TOOL_ENV                                       ; mwpim                                 ; --            ; PLL         ; --         ;
; IP_TOOL_ENV                                       ; mwpim                                 ; --            ; PLL         ; --         ;
; IP_TOOL_ENV                                       ; mwpim                                 ; --            ; PLL_0002    ; --         ;
; IP_TOOL_NAME                                      ; altera_pll                            ; --            ; PLL         ; --         ;
; IP_TOOL_NAME                                      ; altera_pll                            ; --            ; PLL         ; --         ;
; IP_TOOL_NAME                                      ; altera_pll                            ; --            ; PLL_0002    ; --         ;
; IP_TOOL_VERSION                                   ; 13.0sp1                               ; --            ; PLL         ; --         ;
; IP_TOOL_VERSION                                   ; 13.0sp1                               ; --            ; PLL         ; --         ;
; IP_TOOL_VERSION                                   ; 13.0                                  ; --            ; PLL_0002    ; --         ;
; MAX_CORE_JUNCTION_TEMP                            ; 85                                    ; --            ; --          ; --         ;
; MIN_CORE_JUNCTION_TEMP                            ; 0                                     ; --            ; --          ; --         ;
; MISC_FILE                                         ; PLL.cmp                               ; --            ; --          ; --         ;
; MISC_FILE                                         ; PLL_sim/PLL.vo                        ; --            ; --          ; --         ;
; PARTITION_COLOR                                   ; 16764057                              ; --            ; --          ; Top        ;
; PARTITION_FITTER_PRESERVATION_LEVEL               ; PLACEMENT_AND_ROUTING                 ; --            ; --          ; Top        ;
; PARTITION_NETLIST_TYPE                            ; SOURCE                                ; --            ; --          ; Top        ;
; PHYSICAL_SYNTHESIS_ASYNCHRONOUS_SIGNAL_PIPELINING ; On                                    ; Off           ; --          ; --         ;
; PHYSICAL_SYNTHESIS_COMBO_LOGIC                    ; On                                    ; Off           ; --          ; --         ;
; PHYSICAL_SYNTHESIS_EFFORT                         ; Extra                                 ; Normal        ; --          ; --         ;
; PHYSICAL_SYNTHESIS_REGISTER_DUPLICATION           ; On                                    ; Off           ; --          ; --         ;
; PHYSICAL_SYNTHESIS_REGISTER_RETIMING              ; On                                    ; Off           ; --          ; --         ;
; POWER_AUTO_COMPUTE_TJ                             ; Off                                   ; On            ; --          ; --         ;
; POWER_BOARD_THERMAL_MODEL                         ; None (CONSERVATIVE)                   ; --            ; --          ; --         ;
; POWER_PRESET_COOLING_SOLUTION                     ; 23 MM HEAT SINK WITH 200 LFPM AIRFLOW ; --            ; --          ; --         ;
; SAVE_DISK_SPACE                                   ; Off                                   ; On            ; --          ; --         ;
; SMART_RECOMPILE                                   ; On                                    ; Off           ; --          ; --         ;
; SPD_FILE                                          ; PLL.spd                               ; --            ; --          ; --         ;
; SYNTHESIS_ONLY_QIP                                ; On                                    ; --            ; --          ; --         ;
; TIMEQUEST_DO_REPORT_TIMING                        ; On                                    ; Off           ; --          ; --         ;
+---------------------------------------------------+---------------------------------------+---------------+-------------+------------+


+-------------------------------------------------------------------------------------------------------------------------------+
; Flow Elapsed Time                                                                                                             ;
+---------------------------+--------------+-------------------------+---------------------+------------------------------------+
; Module Name               ; Elapsed Time ; Average Processors Used ; Peak Virtual Memory ; Total CPU Time (on all processors) ;
+---------------------------+--------------+-------------------------+---------------------+------------------------------------+
; Analysis & Synthesis      ; 00:00:12     ; 1.0                     ; 686 MB              ; 00:00:05                           ;
; Fitter                    ; 00:01:16     ; 1.0                     ; 1009 MB             ; 00:00:39                           ;
; Assembler                 ; 00:00:12     ; 1.0                     ; 434 MB              ; 00:00:06                           ;
; TimeQuest Timing Analyzer ; 00:00:18     ; 1.0                     ; 715 MB              ; 00:00:09                           ;
; Total                     ; 00:01:58     ; --                      ; --                  ; 00:00:59                           ;
+---------------------------+--------------+-------------------------+---------------------+------------------------------------+


+----------------------------------------------------------------------------------------------+
; Flow OS Summary                                                                              ;
+---------------------------+-------------------+----------------+------------+----------------+
; Module Name               ; Machine Hostname  ; OS Name        ; OS Version ; Processor type ;
+---------------------------+-------------------+----------------+------------+----------------+
; Analysis & Synthesis      ; hardik-VirtualBox ; Ubuntu 16.04.3 ; 16         ; x86_64         ;
; Fitter                    ; hardik-VirtualBox ; Ubuntu 16.04.3 ; 16         ; x86_64         ;
; Assembler                 ; hardik-VirtualBox ; Ubuntu 16.04.3 ; 16         ; x86_64         ;
; TimeQuest Timing Analyzer ; hardik-VirtualBox ; Ubuntu 16.04.3 ; 16         ; x86_64         ;
+---------------------------+-------------------+----------------+------------+----------------+


------------
; Flow Log ;
------------
quartus_map --read_settings_files=on --write_settings_files=off Project2 -c Project2
quartus_fit --read_settings_files=off --write_settings_files=off Project2 -c Project2
quartus_asm --read_settings_files=off --write_settings_files=off Project2 -c Project2
quartus_sta Project2 -c Project2



